{"C:\\Users\\Asus\\OneDrive\\Documentos\\ejemplo\\controllers\\materialController.js": {"path":"C:\\Users\\Asus\\OneDrive\\Documentos\\ejemplo\\controllers\\materialController.js","statementMap":{"0":{"start":{"line":1,"column":11},"end":{"line":1,"column":31}},"1":{"start":{"line":2,"column":17},"end":{"line":2,"column":28}},"2":{"start":{"line":3,"column":16},"end":{"line":3,"column":26}},"3":{"start":{"line":6,"column":0},"end":{"line":62,"column":2}},"4":{"start":{"line":7,"column":2},"end":{"line":61,"column":3}},"5":{"start":{"line":8,"column":52},"end":{"line":8,"column":60}},"6":{"start":{"line":11,"column":4},"end":{"line":15,"column":5}},"7":{"start":{"line":12,"column":6},"end":{"line":14,"column":9}},"8":{"start":{"line":18,"column":4},"end":{"line":24,"column":5}},"9":{"start":{"line":19,"column":6},"end":{"line":19,"column":19}},"10":{"start":{"line":21,"column":6},"end":{"line":23,"column":9}},"11":{"start":{"line":27,"column":20},"end":{"line":32,"column":6}},"12":{"start":{"line":34,"column":4},"end":{"line":38,"column":5}},"13":{"start":{"line":35,"column":6},"end":{"line":37,"column":9}},"14":{"start":{"line":41,"column":21},"end":{"line":46,"column":6}},"15":{"start":{"line":48,"column":4},"end":{"line":51,"column":7}},"16":{"start":{"line":53,"column":4},"end":{"line":53,"column":55}},"17":{"start":{"line":54,"column":4},"end":{"line":59,"column":5}},"18":{"start":{"line":55,"column":6},"end":{"line":58,"column":9}},"19":{"start":{"line":57,"column":38},"end":{"line":57,"column":47}},"20":{"start":{"line":60,"column":4},"end":{"line":60,"column":67}},"21":{"start":{"line":65,"column":0},"end":{"line":97,"column":2}},"22":{"start":{"line":66,"column":2},"end":{"line":96,"column":3}},"23":{"start":{"line":67,"column":26},"end":{"line":67,"column":36}},"24":{"start":{"line":69,"column":4},"end":{"line":73,"column":5}},"25":{"start":{"line":70,"column":6},"end":{"line":72,"column":9}},"26":{"start":{"line":76,"column":20},"end":{"line":76,"column":53}},"27":{"start":{"line":77,"column":4},"end":{"line":81,"column":5}},"28":{"start":{"line":78,"column":6},"end":{"line":80,"column":9}},"29":{"start":{"line":84,"column":23},"end":{"line":87,"column":6}},"30":{"start":{"line":89,"column":4},"end":{"line":92,"column":7}},"31":{"start":{"line":94,"column":4},"end":{"line":94,"column":57}},"32":{"start":{"line":95,"column":4},"end":{"line":95,"column":67}},"33":{"start":{"line":100,"column":0},"end":{"line":143,"column":2}},"34":{"start":{"line":101,"column":2},"end":{"line":142,"column":3}},"35":{"start":{"line":102,"column":19},"end":{"line":102,"column":29}},"36":{"start":{"line":104,"column":4},"end":{"line":108,"column":5}},"37":{"start":{"line":105,"column":6},"end":{"line":107,"column":9}},"38":{"start":{"line":111,"column":21},"end":{"line":118,"column":6}},"39":{"start":{"line":120,"column":4},"end":{"line":124,"column":5}},"40":{"start":{"line":121,"column":6},"end":{"line":123,"column":9}},"41":{"start":{"line":127,"column":4},"end":{"line":131,"column":5}},"42":{"start":{"line":128,"column":6},"end":{"line":130,"column":9}},"43":{"start":{"line":134,"column":4},"end":{"line":134,"column":29}},"44":{"start":{"line":136,"column":4},"end":{"line":138,"column":7}},"45":{"start":{"line":140,"column":4},"end":{"line":140,"column":56}},"46":{"start":{"line":141,"column":4},"end":{"line":141,"column":67}}},"fnMap":{"0":{"name":"(anonymous_0)","decl":{"start":{"line":6,"column":26},"end":{"line":6,"column":27}},"loc":{"start":{"line":6,"column":46},"end":{"line":62,"column":1}},"line":6},"1":{"name":"(anonymous_1)","decl":{"start":{"line":57,"column":33},"end":{"line":57,"column":34}},"loc":{"start":{"line":57,"column":38},"end":{"line":57,"column":47}},"line":57},"2":{"name":"(anonymous_2)","decl":{"start":{"line":65,"column":38},"end":{"line":65,"column":39}},"loc":{"start":{"line":65,"column":58},"end":{"line":97,"column":1}},"line":65},"3":{"name":"(anonymous_3)","decl":{"start":{"line":100,"column":27},"end":{"line":100,"column":28}},"loc":{"start":{"line":100,"column":47},"end":{"line":143,"column":1}},"line":100}},"branchMap":{"0":{"loc":{"start":{"line":11,"column":4},"end":{"line":15,"column":5}},"type":"if","locations":[{"start":{"line":11,"column":4},"end":{"line":15,"column":5}},{"start":{},"end":{}}],"line":11},"1":{"loc":{"start":{"line":11,"column":8},"end":{"line":11,"column":37}},"type":"binary-expr","locations":[{"start":{"line":11,"column":8},"end":{"line":11,"column":15}},{"start":{"line":11,"column":19},"end":{"line":11,"column":23}},{"start":{"line":11,"column":27},"end":{"line":11,"column":37}}],"line":11},"2":{"loc":{"start":{"line":34,"column":4},"end":{"line":38,"column":5}},"type":"if","locations":[{"start":{"line":34,"column":4},"end":{"line":38,"column":5}},{"start":{},"end":{}}],"line":34},"3":{"loc":{"start":{"line":54,"column":4},"end":{"line":59,"column":5}},"type":"if","locations":[{"start":{"line":54,"column":4},"end":{"line":59,"column":5}},{"start":{},"end":{}}],"line":54},"4":{"loc":{"start":{"line":69,"column":4},"end":{"line":73,"column":5}},"type":"if","locations":[{"start":{"line":69,"column":4},"end":{"line":73,"column":5}},{"start":{},"end":{}}],"line":69},"5":{"loc":{"start":{"line":77,"column":4},"end":{"line":81,"column":5}},"type":"if","locations":[{"start":{"line":77,"column":4},"end":{"line":81,"column":5}},{"start":{},"end":{}}],"line":77},"6":{"loc":{"start":{"line":104,"column":4},"end":{"line":108,"column":5}},"type":"if","locations":[{"start":{"line":104,"column":4},"end":{"line":108,"column":5}},{"start":{},"end":{}}],"line":104},"7":{"loc":{"start":{"line":120,"column":4},"end":{"line":124,"column":5}},"type":"if","locations":[{"start":{"line":120,"column":4},"end":{"line":124,"column":5}},{"start":{},"end":{}}],"line":120},"8":{"loc":{"start":{"line":127,"column":4},"end":{"line":131,"column":5}},"type":"if","locations":[{"start":{"line":127,"column":4},"end":{"line":131,"column":5}},{"start":{},"end":{}}],"line":127},"9":{"loc":{"start":{"line":127,"column":8},"end":{"line":127,"column":86}},"type":"binary-expr","locations":[{"start":{"line":127,"column":8},"end":{"line":127,"column":55}},{"start":{"line":127,"column":59},"end":{"line":127,"column":86}}],"line":127}},"s":{"0":1,"1":1,"2":1,"3":1,"4":0,"5":0,"6":0,"7":0,"8":0,"9":0,"10":0,"11":0,"12":0,"13":0,"14":0,"15":0,"16":0,"17":0,"18":0,"19":0,"20":0,"21":1,"22":0,"23":0,"24":0,"25":0,"26":0,"27":0,"28":0,"29":0,"30":0,"31":0,"32":0,"33":1,"34":0,"35":0,"36":0,"37":0,"38":0,"39":0,"40":0,"41":0,"42":0,"43":0,"44":0,"45":0,"46":0},"f":{"0":0,"1":0,"2":0,"3":0},"b":{"0":[0,0],"1":[0,0,0],"2":[0,0],"3":[0,0],"4":[0,0],"5":[0,0],"6":[0,0],"7":[0,0],"8":[0,0],"9":[0,0]},"_coverageSchema":"1a1c01bbd47fc00a2c39e90264f33305004495a9","hash":"912d956540057489c9f34b5727ea69e57e33e4bb"}
,"C:\\Users\\Asus\\OneDrive\\Documentos\\ejemplo\\controllers\\reservasController.js": {"path":"C:\\Users\\Asus\\OneDrive\\Documentos\\ejemplo\\controllers\\reservasController.js","statementMap":{"0":{"start":{"line":1,"column":11},"end":{"line":1,"column":31}},"1":{"start":{"line":2,"column":16},"end":{"line":2,"column":26}},"2":{"start":{"line":3,"column":16},"end":{"line":3,"column":26}},"3":{"start":{"line":5,"column":0},"end":{"line":31,"column":2}},"4":{"start":{"line":6,"column":38},"end":{"line":6,"column":46}},"5":{"start":{"line":8,"column":2},"end":{"line":30,"column":3}},"6":{"start":{"line":9,"column":20},"end":{"line":9,"column":53}},"7":{"start":{"line":10,"column":4},"end":{"line":12,"column":5}},"8":{"start":{"line":11,"column":6},"end":{"line":11,"column":72}},"9":{"start":{"line":14,"column":4},"end":{"line":16,"column":5}},"10":{"start":{"line":15,"column":6},"end":{"line":15,"column":75}},"11":{"start":{"line":18,"column":29},"end":{"line":18,"column":90}},"12":{"start":{"line":19,"column":4},"end":{"line":21,"column":5}},"13":{"start":{"line":20,"column":6},"end":{"line":20,"column":90}},"14":{"start":{"line":23,"column":25},"end":{"line":23,"column":74}},"15":{"start":{"line":24,"column":4},"end":{"line":24,"column":37}},"16":{"start":{"line":26,"column":4},"end":{"line":26,"column":46}},"17":{"start":{"line":28,"column":4},"end":{"line":28,"column":55}},"18":{"start":{"line":29,"column":4},"end":{"line":29,"column":77}},"19":{"start":{"line":33,"column":0},"end":{"line":52,"column":2}},"20":{"start":{"line":34,"column":27},"end":{"line":34,"column":37}},"21":{"start":{"line":36,"column":2},"end":{"line":51,"column":3}},"22":{"start":{"line":37,"column":21},"end":{"line":45,"column":6}},"23":{"start":{"line":47,"column":4},"end":{"line":47,"column":42}},"24":{"start":{"line":49,"column":4},"end":{"line":49,"column":55}},"25":{"start":{"line":50,"column":4},"end":{"line":50,"column":67}}},"fnMap":{"0":{"name":"(anonymous_0)","decl":{"start":{"line":5,"column":26},"end":{"line":5,"column":27}},"loc":{"start":{"line":5,"column":46},"end":{"line":31,"column":1}},"line":5},"1":{"name":"(anonymous_1)","decl":{"start":{"line":33,"column":39},"end":{"line":33,"column":40}},"loc":{"start":{"line":33,"column":59},"end":{"line":52,"column":1}},"line":33}},"branchMap":{"0":{"loc":{"start":{"line":10,"column":4},"end":{"line":12,"column":5}},"type":"if","locations":[{"start":{"line":10,"column":4},"end":{"line":12,"column":5}},{"start":{},"end":{}}],"line":10},"1":{"loc":{"start":{"line":14,"column":4},"end":{"line":16,"column":5}},"type":"if","locations":[{"start":{"line":14,"column":4},"end":{"line":16,"column":5}},{"start":{},"end":{}}],"line":14},"2":{"loc":{"start":{"line":19,"column":4},"end":{"line":21,"column":5}},"type":"if","locations":[{"start":{"line":19,"column":4},"end":{"line":21,"column":5}},{"start":{},"end":{}}],"line":19}},"s":{"0":0,"1":0,"2":0,"3":0,"4":0,"5":0,"6":0,"7":0,"8":0,"9":0,"10":0,"11":0,"12":0,"13":0,"14":0,"15":0,"16":0,"17":0,"18":0,"19":0,"20":0,"21":0,"22":0,"23":0,"24":0,"25":0},"f":{"0":0,"1":0},"b":{"0":[0,0],"1":[0,0],"2":[0,0]}}
,"C:\\Users\\Asus\\OneDrive\\Documentos\\ejemplo\\controllers\\rolesController.js": {"path":"C:\\Users\\Asus\\OneDrive\\Documentos\\ejemplo\\controllers\\rolesController.js","statementMap":{"0":{"start":{"line":1,"column":11},"end":{"line":1,"column":31}},"1":{"start":{"line":2,"column":12},"end":{"line":2,"column":18}},"2":{"start":{"line":4,"column":0},"end":{"line":12,"column":2}},"3":{"start":{"line":5,"column":2},"end":{"line":11,"column":3}},"4":{"start":{"line":6,"column":18},"end":{"line":6,"column":37}},"5":{"start":{"line":7,"column":4},"end":{"line":7,"column":20}},"6":{"start":{"line":9,"column":4},"end":{"line":9,"column":52}},"7":{"start":{"line":10,"column":4},"end":{"line":10,"column":66}},"8":{"start":{"line":14,"column":0},"end":{"line":28,"column":2}},"9":{"start":{"line":15,"column":2},"end":{"line":27,"column":3}},"10":{"start":{"line":16,"column":23},"end":{"line":16,"column":31}},"11":{"start":{"line":18,"column":4},"end":{"line":20,"column":5}},"12":{"start":{"line":19,"column":6},"end":{"line":19,"column":81}},"13":{"start":{"line":22,"column":21},"end":{"line":22,"column":49}},"14":{"start":{"line":23,"column":4},"end":{"line":23,"column":35}},"15":{"start":{"line":25,"column":4},"end":{"line":25,"column":60}},"16":{"start":{"line":26,"column":4},"end":{"line":26,"column":61}}},"fnMap":{"0":{"name":"(anonymous_0)","decl":{"start":{"line":4,"column":23},"end":{"line":4,"column":24}},"loc":{"start":{"line":4,"column":43},"end":{"line":12,"column":1}},"line":4},"1":{"name":"(anonymous_1)","decl":{"start":{"line":14,"column":19},"end":{"line":14,"column":20}},"loc":{"start":{"line":14,"column":39},"end":{"line":28,"column":1}},"line":14}},"branchMap":{"0":{"loc":{"start":{"line":18,"column":4},"end":{"line":20,"column":5}},"type":"if","locations":[{"start":{"line":18,"column":4},"end":{"line":20,"column":5}},{"start":{},"end":{}}],"line":18}},"s":{"0":0,"1":0,"2":0,"3":0,"4":0,"5":0,"6":0,"7":0,"8":0,"9":0,"10":0,"11":0,"12":0,"13":0,"14":0,"15":0,"16":0},"f":{"0":0,"1":0},"b":{"0":[0,0]}}
,"C:\\Users\\Asus\\OneDrive\\Documentos\\ejemplo\\controllers\\tutoriaController.js": {"path":"C:\\Users\\Asus\\OneDrive\\Documentos\\ejemplo\\controllers\\tutoriaController.js","statementMap":{"0":{"start":{"line":1,"column":11},"end":{"line":1,"column":31}},"1":{"start":{"line":2,"column":16},"end":{"line":2,"column":26}},"2":{"start":{"line":3,"column":16},"end":{"line":3,"column":26}},"3":{"start":{"line":6,"column":0},"end":{"line":43,"column":2}},"4":{"start":{"line":7,"column":49},"end":{"line":7,"column":57}},"5":{"start":{"line":9,"column":2},"end":{"line":42,"column":3}},"6":{"start":{"line":11,"column":21},"end":{"line":16,"column":6}},"7":{"start":{"line":18,"column":4},"end":{"line":22,"column":5}},"8":{"start":{"line":19,"column":6},"end":{"line":21,"column":9}},"9":{"start":{"line":24,"column":25},"end":{"line":30,"column":6}},"10":{"start":{"line":32,"column":4},"end":{"line":35,"column":7}},"11":{"start":{"line":37,"column":4},"end":{"line":37,"column":52}},"12":{"start":{"line":38,"column":4},"end":{"line":41,"column":7}},"13":{"start":{"line":46,"column":0},"end":{"line":76,"column":2}},"14":{"start":{"line":47,"column":2},"end":{"line":75,"column":3}},"15":{"start":{"line":48,"column":21},"end":{"line":63,"column":6}},"16":{"start":{"line":65,"column":4},"end":{"line":68,"column":7}},"17":{"start":{"line":70,"column":4},"end":{"line":70,"column":54}},"18":{"start":{"line":71,"column":4},"end":{"line":74,"column":7}},"19":{"start":{"line":79,"column":0},"end":{"line":104,"column":2}},"20":{"start":{"line":80,"column":2},"end":{"line":103,"column":3}},"21":{"start":{"line":81,"column":21},"end":{"line":91,"column":6}},"22":{"start":{"line":93,"column":4},"end":{"line":96,"column":7}},"23":{"start":{"line":98,"column":4},"end":{"line":98,"column":68}},"24":{"start":{"line":99,"column":4},"end":{"line":102,"column":7}},"25":{"start":{"line":107,"column":0},"end":{"line":143,"column":2}},"26":{"start":{"line":108,"column":17},"end":{"line":108,"column":27}},"27":{"start":{"line":109,"column":49},"end":{"line":109,"column":57}},"28":{"start":{"line":111,"column":2},"end":{"line":142,"column":3}},"29":{"start":{"line":112,"column":20},"end":{"line":117,"column":6}},"30":{"start":{"line":119,"column":4},"end":{"line":123,"column":5}},"31":{"start":{"line":120,"column":6},"end":{"line":122,"column":9}},"32":{"start":{"line":125,"column":4},"end":{"line":130,"column":7}},"33":{"start":{"line":132,"column":4},"end":{"line":135,"column":7}},"34":{"start":{"line":137,"column":4},"end":{"line":137,"column":57}},"35":{"start":{"line":138,"column":4},"end":{"line":141,"column":7}},"36":{"start":{"line":146,"column":0},"end":{"line":175,"column":2}},"37":{"start":{"line":147,"column":17},"end":{"line":147,"column":27}},"38":{"start":{"line":149,"column":2},"end":{"line":174,"column":3}},"39":{"start":{"line":150,"column":20},"end":{"line":155,"column":6}},"40":{"start":{"line":157,"column":4},"end":{"line":161,"column":5}},"41":{"start":{"line":158,"column":6},"end":{"line":160,"column":9}},"42":{"start":{"line":163,"column":4},"end":{"line":163,"column":28}},"43":{"start":{"line":165,"column":4},"end":{"line":167,"column":7}},"44":{"start":{"line":169,"column":4},"end":{"line":169,"column":55}},"45":{"start":{"line":170,"column":4},"end":{"line":173,"column":7}}},"fnMap":{"0":{"name":"(anonymous_0)","decl":{"start":{"line":6,"column":16},"end":{"line":6,"column":17}},"loc":{"start":{"line":6,"column":36},"end":{"line":43,"column":1}},"line":6},"1":{"name":"(anonymous_1)","decl":{"start":{"line":46,"column":28},"end":{"line":46,"column":29}},"loc":{"start":{"line":46,"column":48},"end":{"line":76,"column":1}},"line":46},"2":{"name":"(anonymous_2)","decl":{"start":{"line":79,"column":22},"end":{"line":79,"column":23}},"loc":{"start":{"line":79,"column":42},"end":{"line":104,"column":1}},"line":79},"3":{"name":"(anonymous_3)","decl":{"start":{"line":107,"column":21},"end":{"line":107,"column":22}},"loc":{"start":{"line":107,"column":41},"end":{"line":143,"column":1}},"line":107},"4":{"name":"(anonymous_4)","decl":{"start":{"line":146,"column":19},"end":{"line":146,"column":20}},"loc":{"start":{"line":146,"column":39},"end":{"line":175,"column":1}},"line":146}},"branchMap":{"0":{"loc":{"start":{"line":18,"column":4},"end":{"line":22,"column":5}},"type":"if","locations":[{"start":{"line":18,"column":4},"end":{"line":22,"column":5}},{"start":{},"end":{}}],"line":18},"1":{"loc":{"start":{"line":40,"column":15},"end":{"line":40,"column":81}},"type":"cond-expr","locations":[{"start":{"line":40,"column":56},"end":{"line":40,"column":69}},{"start":{"line":40,"column":72},"end":{"line":40,"column":81}}],"line":40},"2":{"loc":{"start":{"line":73,"column":15},"end":{"line":73,"column":81}},"type":"cond-expr","locations":[{"start":{"line":73,"column":56},"end":{"line":73,"column":69}},{"start":{"line":73,"column":72},"end":{"line":73,"column":81}}],"line":73},"3":{"loc":{"start":{"line":101,"column":15},"end":{"line":101,"column":81}},"type":"cond-expr","locations":[{"start":{"line":101,"column":56},"end":{"line":101,"column":69}},{"start":{"line":101,"column":72},"end":{"line":101,"column":81}}],"line":101},"4":{"loc":{"start":{"line":119,"column":4},"end":{"line":123,"column":5}},"type":"if","locations":[{"start":{"line":119,"column":4},"end":{"line":123,"column":5}},{"start":{},"end":{}}],"line":119},"5":{"loc":{"start":{"line":140,"column":15},"end":{"line":140,"column":81}},"type":"cond-expr","locations":[{"start":{"line":140,"column":56},"end":{"line":140,"column":69}},{"start":{"line":140,"column":72},"end":{"line":140,"column":81}}],"line":140},"6":{"loc":{"start":{"line":157,"column":4},"end":{"line":161,"column":5}},"type":"if","locations":[{"start":{"line":157,"column":4},"end":{"line":161,"column":5}},{"start":{},"end":{}}],"line":157},"7":{"loc":{"start":{"line":172,"column":15},"end":{"line":172,"column":81}},"type":"cond-expr","locations":[{"start":{"line":172,"column":56},"end":{"line":172,"column":69}},{"start":{"line":172,"column":72},"end":{"line":172,"column":81}}],"line":172}},"s":{"0":0,"1":0,"2":0,"3":0,"4":0,"5":0,"6":0,"7":0,"8":0,"9":0,"10":0,"11":0,"12":0,"13":0,"14":0,"15":0,"16":0,"17":0,"18":0,"19":0,"20":0,"21":0,"22":0,"23":0,"24":0,"25":0,"26":0,"27":0,"28":0,"29":0,"30":0,"31":0,"32":0,"33":0,"34":0,"35":0,"36":0,"37":0,"38":0,"39":0,"40":0,"41":0,"42":0,"43":0,"44":0,"45":0},"f":{"0":0,"1":0,"2":0,"3":0,"4":0},"b":{"0":[0,0],"1":[0,0],"2":[0,0],"3":[0,0],"4":[0,0],"5":[0,0],"6":[0,0],"7":[0,0]}}
,"C:\\Users\\Asus\\OneDrive\\Documentos\\ejemplo\\controllers\\usersController.js": {"path":"C:\\Users\\Asus\\OneDrive\\Documentos\\ejemplo\\controllers\\usersController.js","statementMap":{"0":{"start":{"line":1,"column":11},"end":{"line":1,"column":31}},"1":{"start":{"line":2,"column":16},"end":{"line":2,"column":26}},"2":{"start":{"line":3,"column":12},"end":{"line":3,"column":18}},"3":{"start":{"line":4,"column":12},"end":{"line":4,"column":35}},"4":{"start":{"line":5,"column":42},"end":{"line":5,"column":75}},"5":{"start":{"line":6,"column":0},"end":{"line":6,"column":27}},"6":{"start":{"line":8,"column":19},"end":{"line":8,"column":94}},"7":{"start":{"line":10,"column":0},"end":{"line":75,"column":2}},"8":{"start":{"line":11,"column":45},"end":{"line":11,"column":53}},"9":{"start":{"line":13,"column":2},"end":{"line":74,"column":3}},"10":{"start":{"line":15,"column":4},"end":{"line":25,"column":5}},"11":{"start":{"line":16,"column":6},"end":{"line":24,"column":9}},"12":{"start":{"line":28,"column":16},"end":{"line":28,"column":41}},"13":{"start":{"line":29,"column":4},"end":{"line":34,"column":5}},"14":{"start":{"line":30,"column":6},"end":{"line":33,"column":9}},"15":{"start":{"line":37,"column":22},"end":{"line":37,"column":65}},"16":{"start":{"line":38,"column":4},"end":{"line":43,"column":5}},"17":{"start":{"line":39,"column":6},"end":{"line":42,"column":9}},"18":{"start":{"line":46,"column":27},"end":{"line":46,"column":55}},"19":{"start":{"line":49,"column":25},"end":{"line":54,"column":6}},"20":{"start":{"line":57,"column":22},"end":{"line":57,"column":32}},"21":{"start":{"line":59,"column":4},"end":{"line":67,"column":7}},"22":{"start":{"line":69,"column":4},"end":{"line":69,"column":47}},"23":{"start":{"line":70,"column":4},"end":{"line":73,"column":7}},"24":{"start":{"line":77,"column":0},"end":{"line":133,"column":2}},"25":{"start":{"line":78,"column":30},"end":{"line":78,"column":38}},"26":{"start":{"line":80,"column":2},"end":{"line":132,"column":3}},"27":{"start":{"line":82,"column":4},"end":{"line":90,"column":5}},"28":{"start":{"line":83,"column":6},"end":{"line":89,"column":9}},"29":{"start":{"line":92,"column":20},"end":{"line":98,"column":6}},"30":{"start":{"line":100,"column":4},"end":{"line":102,"column":5}},"31":{"start":{"line":101,"column":6},"end":{"line":101,"column":73}},"32":{"start":{"line":104,"column":27},"end":{"line":104,"column":76}},"33":{"start":{"line":105,"column":4},"end":{"line":107,"column":5}},"34":{"start":{"line":106,"column":6},"end":{"line":106,"column":73}},"35":{"start":{"line":109,"column":18},"end":{"line":117,"column":5}},"36":{"start":{"line":119,"column":4},"end":{"line":128,"column":7}},"37":{"start":{"line":130,"column":4},"end":{"line":130,"column":44}},"38":{"start":{"line":131,"column":4},"end":{"line":131,"column":67}},"39":{"start":{"line":135,"column":0},"end":{"line":167,"column":2}},"40":{"start":{"line":136,"column":2},"end":{"line":166,"column":3}},"41":{"start":{"line":137,"column":20},"end":{"line":144,"column":6}},"42":{"start":{"line":146,"column":4},"end":{"line":150,"column":5}},"43":{"start":{"line":147,"column":6},"end":{"line":149,"column":9}},"44":{"start":{"line":152,"column":4},"end":{"line":160,"column":7}},"45":{"start":{"line":162,"column":4},"end":{"line":162,"column":53}},"46":{"start":{"line":163,"column":4},"end":{"line":165,"column":7}}},"fnMap":{"0":{"name":"(anonymous_0)","decl":{"start":{"line":10,"column":20},"end":{"line":10,"column":21}},"loc":{"start":{"line":10,"column":40},"end":{"line":75,"column":1}},"line":10},"1":{"name":"(anonymous_1)","decl":{"start":{"line":77,"column":16},"end":{"line":77,"column":17}},"loc":{"start":{"line":77,"column":36},"end":{"line":133,"column":1}},"line":77},"2":{"name":"(anonymous_2)","decl":{"start":{"line":135,"column":24},"end":{"line":135,"column":25}},"loc":{"start":{"line":135,"column":44},"end":{"line":167,"column":1}},"line":135}},"branchMap":{"0":{"loc":{"start":{"line":8,"column":19},"end":{"line":8,"column":94}},"type":"binary-expr","locations":[{"start":{"line":8,"column":19},"end":{"line":8,"column":41}},{"start":{"line":8,"column":45},"end":{"line":8,"column":94}}],"line":8},"1":{"loc":{"start":{"line":15,"column":4},"end":{"line":25,"column":5}},"type":"if","locations":[{"start":{"line":15,"column":4},"end":{"line":25,"column":5}},{"start":{},"end":{}}],"line":15},"2":{"loc":{"start":{"line":15,"column":8},"end":{"line":15,"column":48}},"type":"binary-expr","locations":[{"start":{"line":15,"column":8},"end":{"line":15,"column":15}},{"start":{"line":15,"column":19},"end":{"line":15,"column":25}},{"start":{"line":15,"column":29},"end":{"line":15,"column":38}},{"start":{"line":15,"column":42},"end":{"line":15,"column":48}}],"line":15},"3":{"loc":{"start":{"line":19,"column":18},"end":{"line":19,"column":59}},"type":"cond-expr","locations":[{"start":{"line":19,"column":28},"end":{"line":19,"column":52}},{"start":{"line":19,"column":55},"end":{"line":19,"column":59}}],"line":19},"4":{"loc":{"start":{"line":20,"column":17},"end":{"line":20,"column":56}},"type":"cond-expr","locations":[{"start":{"line":20,"column":26},"end":{"line":20,"column":49}},{"start":{"line":20,"column":52},"end":{"line":20,"column":56}}],"line":20},"5":{"loc":{"start":{"line":21,"column":20},"end":{"line":21,"column":67}},"type":"cond-expr","locations":[{"start":{"line":21,"column":32},"end":{"line":21,"column":60}},{"start":{"line":21,"column":63},"end":{"line":21,"column":67}}],"line":21},"6":{"loc":{"start":{"line":22,"column":17},"end":{"line":22,"column":54}},"type":"cond-expr","locations":[{"start":{"line":22,"column":26},"end":{"line":22,"column":47}},{"start":{"line":22,"column":50},"end":{"line":22,"column":54}}],"line":22},"7":{"loc":{"start":{"line":29,"column":4},"end":{"line":34,"column":5}},"type":"if","locations":[{"start":{"line":29,"column":4},"end":{"line":34,"column":5}},{"start":{},"end":{}}],"line":29},"8":{"loc":{"start":{"line":38,"column":4},"end":{"line":43,"column":5}},"type":"if","locations":[{"start":{"line":38,"column":4},"end":{"line":43,"column":5}},{"start":{},"end":{}}],"line":38},"9":{"loc":{"start":{"line":72,"column":15},"end":{"line":72,"column":81}},"type":"cond-expr","locations":[{"start":{"line":72,"column":56},"end":{"line":72,"column":69}},{"start":{"line":72,"column":72},"end":{"line":72,"column":81}}],"line":72},"10":{"loc":{"start":{"line":82,"column":4},"end":{"line":90,"column":5}},"type":"if","locations":[{"start":{"line":82,"column":4},"end":{"line":90,"column":5}},{"start":{},"end":{}}],"line":82},"11":{"loc":{"start":{"line":82,"column":8},"end":{"line":82,"column":27}},"type":"binary-expr","locations":[{"start":{"line":82,"column":8},"end":{"line":82,"column":14}},{"start":{"line":82,"column":18},"end":{"line":82,"column":27}}],"line":82},"12":{"loc":{"start":{"line":86,"column":17},"end":{"line":86,"column":56}},"type":"cond-expr","locations":[{"start":{"line":86,"column":26},"end":{"line":86,"column":49}},{"start":{"line":86,"column":52},"end":{"line":86,"column":56}}],"line":86},"13":{"loc":{"start":{"line":87,"column":20},"end":{"line":87,"column":67}},"type":"cond-expr","locations":[{"start":{"line":87,"column":32},"end":{"line":87,"column":60}},{"start":{"line":87,"column":63},"end":{"line":87,"column":67}}],"line":87},"14":{"loc":{"start":{"line":100,"column":4},"end":{"line":102,"column":5}},"type":"if","locations":[{"start":{"line":100,"column":4},"end":{"line":102,"column":5}},{"start":{},"end":{}}],"line":100},"15":{"loc":{"start":{"line":105,"column":4},"end":{"line":107,"column":5}},"type":"if","locations":[{"start":{"line":105,"column":4},"end":{"line":107,"column":5}},{"start":{},"end":{}}],"line":105},"16":{"loc":{"start":{"line":146,"column":4},"end":{"line":150,"column":5}},"type":"if","locations":[{"start":{"line":146,"column":4},"end":{"line":150,"column":5}},{"start":{},"end":{}}],"line":146}},"s":{"0":0,"1":0,"2":0,"3":0,"4":0,"5":0,"6":0,"7":0,"8":0,"9":0,"10":0,"11":0,"12":0,"13":0,"14":0,"15":0,"16":0,"17":0,"18":0,"19":0,"20":0,"21":0,"22":0,"23":0,"24":0,"25":0,"26":0,"27":0,"28":0,"29":0,"30":0,"31":0,"32":0,"33":0,"34":0,"35":0,"36":0,"37":0,"38":0,"39":0,"40":0,"41":0,"42":0,"43":0,"44":0,"45":0,"46":0},"f":{"0":0,"1":0,"2":0},"b":{"0":[0,0],"1":[0,0],"2":[0,0,0,0],"3":[0,0],"4":[0,0],"5":[0,0],"6":[0,0],"7":[0,0],"8":[0,0],"9":[0,0],"10":[0,0],"11":[0,0],"12":[0,0],"13":[0,0],"14":[0,0],"15":[0,0],"16":[0,0]}}
,"C:\\Users\\Asus\\OneDrive\\Documentos\\ejemplo\\middleware\\auth.js": {"path":"C:\\Users\\Asus\\OneDrive\\Documentos\\ejemplo\\middleware\\auth.js","statementMap":{"0":{"start":{"line":1,"column":12},"end":{"line":1,"column":35}},"1":{"start":{"line":2,"column":19},"end":{"line":2,"column":94}},"2":{"start":{"line":4,"column":23},"end":{"line":27,"column":1}},"3":{"start":{"line":5,"column":4},"end":{"line":26,"column":5}},"4":{"start":{"line":6,"column":22},"end":{"line":6,"column":62}},"5":{"start":{"line":8,"column":8},"end":{"line":12,"column":9}},"6":{"start":{"line":9,"column":12},"end":{"line":11,"column":15}},"7":{"start":{"line":14,"column":24},"end":{"line":14,"column":53}},"8":{"start":{"line":15,"column":8},"end":{"line":15,"column":30}},"9":{"start":{"line":16,"column":8},"end":{"line":16,"column":15}},"10":{"start":{"line":18,"column":8},"end":{"line":22,"column":9}},"11":{"start":{"line":19,"column":12},"end":{"line":21,"column":15}},"12":{"start":{"line":23,"column":8},"end":{"line":25,"column":11}},"13":{"start":{"line":29,"column":18},"end":{"line":45,"column":1}},"14":{"start":{"line":30,"column":4},"end":{"line":44,"column":6}},"15":{"start":{"line":31,"column":8},"end":{"line":35,"column":9}},"16":{"start":{"line":32,"column":12},"end":{"line":34,"column":15}},"17":{"start":{"line":37,"column":8},"end":{"line":41,"column":9}},"18":{"start":{"line":38,"column":12},"end":{"line":40,"column":15}},"19":{"start":{"line":43,"column":8},"end":{"line":43,"column":15}},"20":{"start":{"line":47,"column":0},"end":{"line":50,"column":2}}},"fnMap":{"0":{"name":"(anonymous_0)","decl":{"start":{"line":4,"column":23},"end":{"line":4,"column":24}},"loc":{"start":{"line":4,"column":43},"end":{"line":27,"column":1}},"line":4},"1":{"name":"(anonymous_1)","decl":{"start":{"line":29,"column":18},"end":{"line":29,"column":19}},"loc":{"start":{"line":29,"column":29},"end":{"line":45,"column":1}},"line":29},"2":{"name":"(anonymous_2)","decl":{"start":{"line":30,"column":11},"end":{"line":30,"column":12}},"loc":{"start":{"line":30,"column":31},"end":{"line":44,"column":5}},"line":30}},"branchMap":{"0":{"loc":{"start":{"line":2,"column":19},"end":{"line":2,"column":94}},"type":"binary-expr","locations":[{"start":{"line":2,"column":19},"end":{"line":2,"column":41}},{"start":{"line":2,"column":45},"end":{"line":2,"column":94}}],"line":2},"1":{"loc":{"start":{"line":8,"column":8},"end":{"line":12,"column":9}},"type":"if","locations":[{"start":{"line":8,"column":8},"end":{"line":12,"column":9}},{"start":{},"end":{}}],"line":8},"2":{"loc":{"start":{"line":18,"column":8},"end":{"line":22,"column":9}},"type":"if","locations":[{"start":{"line":18,"column":8},"end":{"line":22,"column":9}},{"start":{},"end":{}}],"line":18},"3":{"loc":{"start":{"line":31,"column":8},"end":{"line":35,"column":9}},"type":"if","locations":[{"start":{"line":31,"column":8},"end":{"line":35,"column":9}},{"start":{},"end":{}}],"line":31},"4":{"loc":{"start":{"line":37,"column":8},"end":{"line":41,"column":9}},"type":"if","locations":[{"start":{"line":37,"column":8},"end":{"line":41,"column":9}},{"start":{},"end":{}}],"line":37}},"s":{"0":0,"1":0,"2":0,"3":0,"4":0,"5":0,"6":0,"7":0,"8":0,"9":0,"10":0,"11":0,"12":0,"13":0,"14":0,"15":0,"16":0,"17":0,"18":0,"19":0,"20":0},"f":{"0":0,"1":0,"2":0},"b":{"0":[0,0],"1":[0,0],"2":[0,0],"3":[0,0],"4":[0,0]}}
,"C:\\Users\\Asus\\OneDrive\\Documentos\\ejemplo\\middleware\\authMiddleware.js": {"path":"C:\\Users\\Asus\\OneDrive\\Documentos\\ejemplo\\middleware\\authMiddleware.js","statementMap":{"0":{"start":{"line":1,"column":12},"end":{"line":1,"column":35}},"1":{"start":{"line":2,"column":11},"end":{"line":2,"column":31}},"2":{"start":{"line":3,"column":16},"end":{"line":3,"column":26}},"3":{"start":{"line":5,"column":0},"end":{"line":31,"column":2}},"4":{"start":{"line":6,"column":2},"end":{"line":30,"column":3}},"5":{"start":{"line":7,"column":18},"end":{"line":7,"column":58}},"6":{"start":{"line":9,"column":4},"end":{"line":13,"column":5}},"7":{"start":{"line":10,"column":6},"end":{"line":12,"column":9}},"8":{"start":{"line":15,"column":20},"end":{"line":15,"column":61}},"9":{"start":{"line":16,"column":20},"end":{"line":16,"column":54}},"10":{"start":{"line":18,"column":4},"end":{"line":22,"column":5}},"11":{"start":{"line":19,"column":6},"end":{"line":21,"column":9}},"12":{"start":{"line":24,"column":4},"end":{"line":24,"column":26}},"13":{"start":{"line":25,"column":4},"end":{"line":25,"column":11}},"14":{"start":{"line":27,"column":4},"end":{"line":29,"column":7}},"15":{"start":{"line":33,"column":0},"end":{"line":40,"column":2}},"16":{"start":{"line":34,"column":2},"end":{"line":38,"column":3}},"17":{"start":{"line":35,"column":4},"end":{"line":37,"column":7}},"18":{"start":{"line":39,"column":2},"end":{"line":39,"column":9}}},"fnMap":{"0":{"name":"(anonymous_0)","decl":{"start":{"line":5,"column":25},"end":{"line":5,"column":26}},"loc":{"start":{"line":5,"column":51},"end":{"line":31,"column":1}},"line":5},"1":{"name":"(anonymous_1)","decl":{"start":{"line":33,"column":21},"end":{"line":33,"column":22}},"loc":{"start":{"line":33,"column":41},"end":{"line":40,"column":1}},"line":33}},"branchMap":{"0":{"loc":{"start":{"line":9,"column":4},"end":{"line":13,"column":5}},"type":"if","locations":[{"start":{"line":9,"column":4},"end":{"line":13,"column":5}},{"start":{},"end":{}}],"line":9},"1":{"loc":{"start":{"line":18,"column":4},"end":{"line":22,"column":5}},"type":"if","locations":[{"start":{"line":18,"column":4},"end":{"line":22,"column":5}},{"start":{},"end":{}}],"line":18},"2":{"loc":{"start":{"line":34,"column":2},"end":{"line":38,"column":3}},"type":"if","locations":[{"start":{"line":34,"column":2},"end":{"line":38,"column":3}},{"start":{},"end":{}}],"line":34}},"s":{"0":0,"1":0,"2":0,"3":0,"4":0,"5":0,"6":0,"7":0,"8":0,"9":0,"10":0,"11":0,"12":0,"13":0,"14":0,"15":0,"16":0,"17":0,"18":0},"f":{"0":0,"1":0},"b":{"0":[0,0],"1":[0,0],"2":[0,0]}}
,"C:\\Users\\Asus\\OneDrive\\Documentos\\ejemplo\\middleware\\errorHandler.js": {"path":"C:\\Users\\Asus\\OneDrive\\Documentos\\ejemplo\\middleware\\errorHandler.js","statementMap":{"0":{"start":{"line":1,"column":21},"end":{"line":14,"column":1}},"1":{"start":{"line":2,"column":2},"end":{"line":2,"column":27}},"2":{"start":{"line":5,"column":21},"end":{"line":5,"column":42}},"3":{"start":{"line":6,"column":18},"end":{"line":6,"column":61}},"4":{"start":{"line":8,"column":2},"end":{"line":13,"column":5}},"5":{"start":{"line":16,"column":0},"end":{"line":16,"column":30}}},"fnMap":{"0":{"name":"(anonymous_0)","decl":{"start":{"line":1,"column":21},"end":{"line":1,"column":22}},"loc":{"start":{"line":1,"column":46},"end":{"line":14,"column":1}},"line":1}},"branchMap":{"0":{"loc":{"start":{"line":5,"column":21},"end":{"line":5,"column":42}},"type":"binary-expr","locations":[{"start":{"line":5,"column":21},"end":{"line":5,"column":35}},{"start":{"line":5,"column":39},"end":{"line":5,"column":42}}],"line":5},"1":{"loc":{"start":{"line":6,"column":18},"end":{"line":6,"column":61}},"type":"binary-expr","locations":[{"start":{"line":6,"column":18},"end":{"line":6,"column":29}},{"start":{"line":6,"column":33},"end":{"line":6,"column":61}}],"line":6},"2":{"loc":{"start":{"line":12,"column":8},"end":{"line":12,"column":70}},"type":"binary-expr","locations":[{"start":{"line":12,"column":8},"end":{"line":12,"column":46}},{"start":{"line":12,"column":50},"end":{"line":12,"column":70}}],"line":12}},"s":{"0":0,"1":0,"2":0,"3":0,"4":0,"5":0},"f":{"0":0},"b":{"0":[0,0],"1":[0,0],"2":[0,0]}}
,"C:\\Users\\Asus\\OneDrive\\Documentos\\ejemplo\\middleware\\rateLimiter.js": {"path":"C:\\Users\\Asus\\OneDrive\\Documentos\\ejemplo\\middleware\\rateLimiter.js","statementMap":{"0":{"start":{"line":1,"column":18},"end":{"line":1,"column":47}},"1":{"start":{"line":3,"column":20},"end":{"line":12,"column":2}},"2":{"start":{"line":14,"column":0},"end":{"line":14,"column":29}}},"fnMap":{},"branchMap":{},"s":{"0":0,"1":0,"2":0},"f":{},"b":{}}
,"C:\\Users\\Asus\\OneDrive\\Documentos\\ejemplo\\middleware\\validator.js": {"path":"C:\\Users\\Asus\\OneDrive\\Documentos\\ejemplo\\middleware\\validator.js","statementMap":{"0":{"start":{"line":1,"column":29},"end":{"line":1,"column":57}},"1":{"start":{"line":3,"column":24},"end":{"line":14,"column":1}},"2":{"start":{"line":4,"column":19},"end":{"line":4,"column":40}},"3":{"start":{"line":5,"column":4},"end":{"line":12,"column":5}},"4":{"start":{"line":6,"column":8},"end":{"line":11,"column":11}},"5":{"start":{"line":13,"column":4},"end":{"line":13,"column":11}},"6":{"start":{"line":17,"column":26},"end":{"line":35,"column":1}},"7":{"start":{"line":18,"column":30},"end":{"line":23,"column":5}},"8":{"start":{"line":25,"column":66},"end":{"line":34,"column":5}},"9":{"start":{"line":37,"column":0},"end":{"line":40,"column":2}}},"fnMap":{"0":{"name":"(anonymous_0)","decl":{"start":{"line":3,"column":24},"end":{"line":3,"column":25}},"loc":{"start":{"line":3,"column":44},"end":{"line":14,"column":1}},"line":3},"1":{"name":"(anonymous_1)","decl":{"start":{"line":18,"column":18},"end":{"line":18,"column":19}},"loc":{"start":{"line":18,"column":30},"end":{"line":23,"column":5}},"line":18},"2":{"name":"(anonymous_2)","decl":{"start":{"line":25,"column":22},"end":{"line":25,"column":23}},"loc":{"start":{"line":25,"column":66},"end":{"line":34,"column":5}},"line":25}},"branchMap":{"0":{"loc":{"start":{"line":5,"column":4},"end":{"line":12,"column":5}},"type":"if","locations":[{"start":{"line":5,"column":4},"end":{"line":12,"column":5}},{"start":{},"end":{}}],"line":5},"1":{"loc":{"start":{"line":25,"column":30},"end":{"line":25,"column":43}},"type":"default-arg","locations":[{"start":{"line":25,"column":42},"end":{"line":25,"column":43}}],"line":25},"2":{"loc":{"start":{"line":25,"column":45},"end":{"line":25,"column":60}},"type":"default-arg","locations":[{"start":{"line":25,"column":57},"end":{"line":25,"column":60}}],"line":25}},"s":{"0":0,"1":0,"2":0,"3":0,"4":0,"5":0,"6":0,"7":0,"8":0,"9":0},"f":{"0":0,"1":0,"2":0},"b":{"0":[0,0],"1":[0],"2":[0]}}
,"C:\\Users\\Asus\\OneDrive\\Documentos\\ejemplo\\models\\index.js": {"path":"C:\\Users\\Asus\\OneDrive\\Documentos\\ejemplo\\models\\index.js","statementMap":{"0":{"start":{"line":6,"column":11},"end":{"line":6,"column":24}},"1":{"start":{"line":7,"column":13},"end":{"line":7,"column":28}},"2":{"start":{"line":8,"column":18},"end":{"line":8,"column":38}},"3":{"start":{"line":9,"column":17},"end":{"line":9,"column":42}},"4":{"start":{"line":10,"column":12},"end":{"line":10,"column":49}},"5":{"start":{"line":11,"column":15},"end":{"line":11,"column":65}},"6":{"start":{"line":12,"column":11},"end":{"line":12,"column":13}},"7":{"start":{"line":15,"column":0},"end":{"line":19,"column":1}},"8":{"start":{"line":16,"column":2},"end":{"line":16,"column":74}},"9":{"start":{"line":18,"column":2},"end":{"line":18,"column":87}},"10":{"start":{"line":22,"column":0},"end":{"line":41,"column":5}},"11":{"start":{"line":24,"column":4},"end":{"line":28,"column":6}},"12":{"start":{"line":31,"column":22},"end":{"line":31,"column":48}},"13":{"start":{"line":32,"column":24},"end":{"line":32,"column":42}},"14":{"start":{"line":35,"column":4},"end":{"line":40,"column":5}},"15":{"start":{"line":36,"column":20},"end":{"line":36,"column":63}},"16":{"start":{"line":37,"column":6},"end":{"line":37,"column":29}},"17":{"start":{"line":39,"column":6},"end":{"line":39,"column":77}},"18":{"start":{"line":44,"column":0},"end":{"line":48,"column":3}},"19":{"start":{"line":45,"column":2},"end":{"line":47,"column":3}},"20":{"start":{"line":46,"column":4},"end":{"line":46,"column":32}},"21":{"start":{"line":50,"column":0},"end":{"line":50,"column":25}},"22":{"start":{"line":51,"column":0},"end":{"line":51,"column":25}},"23":{"start":{"line":53,"column":0},"end":{"line":53,"column":20}}},"fnMap":{"0":{"name":"(anonymous_0)","decl":{"start":{"line":23,"column":10},"end":{"line":23,"column":11}},"loc":{"start":{"line":23,"column":18},"end":{"line":29,"column":3}},"line":23},"1":{"name":"(anonymous_1)","decl":{"start":{"line":30,"column":11},"end":{"line":30,"column":12}},"loc":{"start":{"line":30,"column":19},"end":{"line":41,"column":3}},"line":30},"2":{"name":"(anonymous_2)","decl":{"start":{"line":44,"column":24},"end":{"line":44,"column":25}},"loc":{"start":{"line":44,"column":37},"end":{"line":48,"column":1}},"line":44}},"branchMap":{"0":{"loc":{"start":{"line":10,"column":12},"end":{"line":10,"column":49}},"type":"binary-expr","locations":[{"start":{"line":10,"column":12},"end":{"line":10,"column":32}},{"start":{"line":10,"column":36},"end":{"line":10,"column":49}}],"line":10},"1":{"loc":{"start":{"line":15,"column":0},"end":{"line":19,"column":1}},"type":"if","locations":[{"start":{"line":15,"column":0},"end":{"line":19,"column":1}},{"start":{"line":17,"column":7},"end":{"line":19,"column":1}}],"line":15},"2":{"loc":{"start":{"line":25,"column":6},"end":{"line":27,"column":30}},"type":"binary-expr","locations":[{"start":{"line":25,"column":6},"end":{"line":25,"column":29}},{"start":{"line":26,"column":6},"end":{"line":26,"column":23}},{"start":{"line":27,"column":6},"end":{"line":27,"column":30}}],"line":25},"3":{"loc":{"start":{"line":35,"column":4},"end":{"line":40,"column":5}},"type":"if","locations":[{"start":{"line":35,"column":4},"end":{"line":40,"column":5}},{"start":{"line":38,"column":11},"end":{"line":40,"column":5}}],"line":35},"4":{"loc":{"start":{"line":45,"column":2},"end":{"line":47,"column":3}},"type":"if","locations":[{"start":{"line":45,"column":2},"end":{"line":47,"column":3}},{"start":{},"end":{}}],"line":45}},"s":{"0":1,"1":1,"2":1,"3":1,"4":1,"5":1,"6":1,"7":1,"8":0,"9":1,"10":1,"11":6,"12":5,"13":5,"14":5,"15":5,"16":5,"17":0,"18":1,"19":5,"20":5,"21":1,"22":1,"23":1},"f":{"0":6,"1":5,"2":5},"b":{"0":[1,0],"1":[0,1],"2":[6,6,5],"3":[5,0],"4":[5,0]},"_coverageSchema":"1a1c01bbd47fc00a2c39e90264f33305004495a9","hash":"8444d89a3a29fd94d9846bf33b9aba8b42f996f8"}
,"C:\\Users\\Asus\\OneDrive\\Documentos\\ejemplo\\models\\materials.js": {"path":"C:\\Users\\Asus\\OneDrive\\Documentos\\ejemplo\\models\\materials.js","statementMap":{"0":{"start":{"line":2,"column":18},"end":{"line":2,"column":38}},"1":{"start":{"line":4,"column":0},"end":{"line":54,"column":2}},"2":{"start":{"line":7,"column":6},"end":{"line":10,"column":9}},"3":{"start":{"line":14,"column":2},"end":{"line":51,"column":4}},"4":{"start":{"line":53,"column":2},"end":{"line":53,"column":18}}},"fnMap":{"0":{"name":"(anonymous_0)","decl":{"start":{"line":4,"column":17},"end":{"line":4,"column":18}},"loc":{"start":{"line":4,"column":43},"end":{"line":54,"column":1}},"line":4},"1":{"name":"(anonymous_1)","decl":{"start":{"line":6,"column":4},"end":{"line":6,"column":5}},"loc":{"start":{"line":6,"column":29},"end":{"line":11,"column":5}},"line":6}},"branchMap":{},"s":{"0":1,"1":1,"2":1,"3":1,"4":1},"f":{"0":1,"1":1},"b":{},"_coverageSchema":"1a1c01bbd47fc00a2c39e90264f33305004495a9","hash":"6bdbeeb0f6a75d03913f6e742cc0bf6078a8f46f"}
,"C:\\Users\\Asus\\OneDrive\\Documentos\\ejemplo\\models\\reserva.js": {"path":"C:\\Users\\Asus\\OneDrive\\Documentos\\ejemplo\\models\\reserva.js","statementMap":{"0":{"start":{"line":2,"column":18},"end":{"line":2,"column":38}},"1":{"start":{"line":4,"column":0},"end":{"line":50,"column":2}},"2":{"start":{"line":8,"column":6},"end":{"line":11,"column":9}},"3":{"start":{"line":14,"column":6},"end":{"line":17,"column":9}},"4":{"start":{"line":21,"column":2},"end":{"line":47,"column":4}},"5":{"start":{"line":49,"column":2},"end":{"line":49,"column":17}}},"fnMap":{"0":{"name":"(anonymous_0)","decl":{"start":{"line":4,"column":17},"end":{"line":4,"column":18}},"loc":{"start":{"line":4,"column":43},"end":{"line":50,"column":1}},"line":4},"1":{"name":"(anonymous_1)","decl":{"start":{"line":6,"column":4},"end":{"line":6,"column":5}},"loc":{"start":{"line":6,"column":29},"end":{"line":18,"column":5}},"line":6}},"branchMap":{},"s":{"0":1,"1":1,"2":1,"3":1,"4":1,"5":1},"f":{"0":1,"1":1},"b":{},"_coverageSchema":"1a1c01bbd47fc00a2c39e90264f33305004495a9","hash":"03b3766d2818a23b86744600520594b1e30d98c8"}
,"C:\\Users\\Asus\\OneDrive\\Documentos\\ejemplo\\models\\rol.js": {"path":"C:\\Users\\Asus\\OneDrive\\Documentos\\ejemplo\\models\\rol.js","statementMap":{"0":{"start":{"line":2,"column":18},"end":{"line":2,"column":38}},"1":{"start":{"line":4,"column":0},"end":{"line":29,"column":2}},"2":{"start":{"line":7,"column":6},"end":{"line":10,"column":9}},"3":{"start":{"line":14,"column":2},"end":{"line":26,"column":5}},"4":{"start":{"line":28,"column":2},"end":{"line":28,"column":13}}},"fnMap":{"0":{"name":"(anonymous_0)","decl":{"start":{"line":4,"column":17},"end":{"line":4,"column":18}},"loc":{"start":{"line":4,"column":43},"end":{"line":29,"column":1}},"line":4},"1":{"name":"(anonymous_1)","decl":{"start":{"line":6,"column":4},"end":{"line":6,"column":5}},"loc":{"start":{"line":6,"column":29},"end":{"line":11,"column":5}},"line":6}},"branchMap":{},"s":{"0":1,"1":1,"2":1,"3":1,"4":1},"f":{"0":1,"1":1},"b":{},"_coverageSchema":"1a1c01bbd47fc00a2c39e90264f33305004495a9","hash":"201228442ef34829d0727314f46fee5eab30f212"}
,"C:\\Users\\Asus\\OneDrive\\Documentos\\ejemplo\\models\\tutoria.js": {"path":"C:\\Users\\Asus\\OneDrive\\Documentos\\ejemplo\\models\\tutoria.js","statementMap":{"0":{"start":{"line":2,"column":18},"end":{"line":2,"column":38}},"1":{"start":{"line":4,"column":0},"end":{"line":105,"column":2}},"2":{"start":{"line":8,"column":6},"end":{"line":11,"column":9}},"3":{"start":{"line":14,"column":6},"end":{"line":18,"column":9}},"4":{"start":{"line":21,"column":6},"end":{"line":25,"column":9}},"5":{"start":{"line":29,"column":2},"end":{"line":102,"column":4}},"6":{"start":{"line":52,"column":26},"end":{"line":52,"column":36}},"7":{"start":{"line":53,"column":12},"end":{"line":53,"column":39}},"8":{"start":{"line":54,"column":30},"end":{"line":54,"column":45}},"9":{"start":{"line":55,"column":12},"end":{"line":57,"column":13}},"10":{"start":{"line":56,"column":14},"end":{"line":56,"column":58}},"11":{"start":{"line":62,"column":23},"end":{"line":62,"column":49}},"12":{"start":{"line":63,"column":10},"end":{"line":63,"column":64}},"13":{"start":{"line":67,"column":10},"end":{"line":71,"column":11}},"14":{"start":{"line":68,"column":25},"end":{"line":68,"column":40}},"15":{"start":{"line":69,"column":12},"end":{"line":69,"column":38}},"16":{"start":{"line":70,"column":12},"end":{"line":70,"column":45}},"17":{"start":{"line":104,"column":2},"end":{"line":104,"column":17}}},"fnMap":{"0":{"name":"(anonymous_0)","decl":{"start":{"line":4,"column":17},"end":{"line":4,"column":18}},"loc":{"start":{"line":4,"column":43},"end":{"line":105,"column":1}},"line":4},"1":{"name":"(anonymous_1)","decl":{"start":{"line":6,"column":4},"end":{"line":6,"column":5}},"loc":{"start":{"line":6,"column":29},"end":{"line":26,"column":5}},"line":6},"2":{"name":"(anonymous_2)","decl":{"start":{"line":51,"column":10},"end":{"line":51,"column":11}},"loc":{"start":{"line":51,"column":26},"end":{"line":58,"column":11}},"line":51},"3":{"name":"(anonymous_3)","decl":{"start":{"line":60,"column":8},"end":{"line":60,"column":9}},"loc":{"start":{"line":60,"column":14},"end":{"line":64,"column":9}},"line":60},"4":{"name":"(anonymous_4)","decl":{"start":{"line":65,"column":8},"end":{"line":65,"column":9}},"loc":{"start":{"line":65,"column":19},"end":{"line":72,"column":9}},"line":65}},"branchMap":{"0":{"loc":{"start":{"line":55,"column":12},"end":{"line":57,"column":13}},"type":"if","locations":[{"start":{"line":55,"column":12},"end":{"line":57,"column":13}},{"start":{},"end":{}}],"line":55},"1":{"loc":{"start":{"line":63,"column":17},"end":{"line":63,"column":63}},"type":"cond-expr","locations":[{"start":{"line":63,"column":24},"end":{"line":63,"column":56}},{"start":{"line":63,"column":59},"end":{"line":63,"column":63}}],"line":63},"2":{"loc":{"start":{"line":67,"column":10},"end":{"line":71,"column":11}},"type":"if","locations":[{"start":{"line":67,"column":10},"end":{"line":71,"column":11}},{"start":{},"end":{}}],"line":67}},"s":{"0":1,"1":1,"2":1,"3":1,"4":1,"5":1,"6":0,"7":0,"8":0,"9":0,"10":0,"11":0,"12":0,"13":0,"14":0,"15":0,"16":0,"17":1},"f":{"0":1,"1":1,"2":0,"3":0,"4":0},"b":{"0":[0,0],"1":[0,0],"2":[0,0]},"_coverageSchema":"1a1c01bbd47fc00a2c39e90264f33305004495a9","hash":"e8f0b1d9287db75ff797514be1da8f19bbb563d4"}
,"C:\\Users\\Asus\\OneDrive\\Documentos\\ejemplo\\models\\usuario.js": {"path":"C:\\Users\\Asus\\OneDrive\\Documentos\\ejemplo\\models\\usuario.js","statementMap":{"0":{"start":{"line":2,"column":18},"end":{"line":2,"column":38}},"1":{"start":{"line":4,"column":0},"end":{"line":63,"column":2}},"2":{"start":{"line":7,"column":6},"end":{"line":10,"column":9}},"3":{"start":{"line":12,"column":6},"end":{"line":15,"column":9}},"4":{"start":{"line":17,"column":6},"end":{"line":20,"column":9}},"5":{"start":{"line":24,"column":2},"end":{"line":60,"column":4}},"6":{"start":{"line":62,"column":2},"end":{"line":62,"column":17}}},"fnMap":{"0":{"name":"(anonymous_0)","decl":{"start":{"line":4,"column":17},"end":{"line":4,"column":18}},"loc":{"start":{"line":4,"column":43},"end":{"line":63,"column":1}},"line":4},"1":{"name":"(anonymous_1)","decl":{"start":{"line":6,"column":4},"end":{"line":6,"column":5}},"loc":{"start":{"line":6,"column":29},"end":{"line":21,"column":5}},"line":6}},"branchMap":{},"s":{"0":1,"1":1,"2":1,"3":1,"4":1,"5":1,"6":1},"f":{"0":1,"1":1},"b":{},"_coverageSchema":"1a1c01bbd47fc00a2c39e90264f33305004495a9","hash":"4ef88c241b5a6db074b8f14174ea55a52a455b8e"}
,"C:\\Users\\Asus\\OneDrive\\Documentos\\ejemplo\\utils\\passwordUtils.js": {"path":"C:\\Users\\Asus\\OneDrive\\Documentos\\ejemplo\\utils\\passwordUtils.js","statementMap":{"0":{"start":{"line":1,"column":15},"end":{"line":1,"column":34}},"1":{"start":{"line":3,"column":21},"end":{"line":6,"column":1}},"2":{"start":{"line":4,"column":17},"end":{"line":4,"column":41}},"3":{"start":{"line":5,"column":4},"end":{"line":5,"column":39}},"4":{"start":{"line":8,"column":24},"end":{"line":10,"column":1}},"5":{"start":{"line":9,"column":4},"end":{"line":9,"column":52}},"6":{"start":{"line":12,"column":0},"end":{"line":15,"column":2}}},"fnMap":{"0":{"name":"(anonymous_0)","decl":{"start":{"line":3,"column":21},"end":{"line":3,"column":22}},"loc":{"start":{"line":3,"column":41},"end":{"line":6,"column":1}},"line":3},"1":{"name":"(anonymous_1)","decl":{"start":{"line":8,"column":24},"end":{"line":8,"column":25}},"loc":{"start":{"line":8,"column":60},"end":{"line":10,"column":1}},"line":8}},"branchMap":{},"s":{"0":0,"1":0,"2":0,"3":0,"4":0,"5":0,"6":0},"f":{"0":0,"1":0},"b":{}}
}
