TN:
SF:controllers\materialController.js
FN:6,(anonymous_0)
FN:57,(anonymous_1)
FN:65,(anonymous_2)
FN:100,(anonymous_3)
FNF:4
FNH:0
FNDA:0,(anonymous_0)
FNDA:0,(anonymous_1)
FNDA:0,(anonymous_2)
FNDA:0,(anonymous_3)
DA:1,1
DA:2,1
DA:3,1
DA:6,1
DA:7,0
DA:8,0
DA:11,0
DA:12,0
DA:18,0
DA:19,0
DA:21,0
DA:27,0
DA:34,0
DA:35,0
DA:41,0
DA:48,0
DA:53,0
DA:54,0
DA:55,0
DA:57,0
DA:60,0
DA:65,1
DA:66,0
DA:67,0
DA:69,0
DA:70,0
DA:76,0
DA:77,0
DA:78,0
DA:84,0
DA:89,0
DA:94,0
DA:95,0
DA:100,1
DA:101,0
DA:102,0
DA:104,0
DA:105,0
DA:111,0
DA:120,0
DA:121,0
DA:127,0
DA:128,0
DA:134,0
DA:136,0
DA:140,0
DA:141,0
LF:47
LH:6
BRDA:11,0,0,0
BRDA:11,0,1,0
BRDA:11,1,0,0
BRDA:11,1,1,0
BRDA:11,1,2,0
BRDA:34,2,0,0
BRDA:34,2,1,0
BRDA:54,3,0,0
BRDA:54,3,1,0
BRDA:69,4,0,0
BRDA:69,4,1,0
BRDA:77,5,0,0
BRDA:77,5,1,0
BRDA:104,6,0,0
BRDA:104,6,1,0
BRDA:120,7,0,0
BRDA:120,7,1,0
BRDA:127,8,0,0
BRDA:127,8,1,0
BRDA:127,9,0,0
BRDA:127,9,1,0
BRF:21
BRH:0
end_of_record
TN:
SF:controllers\reservasController.js
FN:5,(anonymous_0)
FN:33,(anonymous_1)
FNF:2
FNH:0
FNDA:0,(anonymous_0)
FNDA:0,(anonymous_1)
DA:1,0
DA:2,0
DA:3,0
DA:5,0
DA:6,0
DA:8,0
DA:9,0
DA:10,0
DA:11,0
DA:14,0
DA:15,0
DA:18,0
DA:19,0
DA:20,0
DA:23,0
DA:24,0
DA:26,0
DA:28,0
DA:29,0
DA:33,0
DA:34,0
DA:36,0
DA:37,0
DA:47,0
DA:49,0
DA:50,0
LF:26
LH:0
BRDA:10,0,0,0
BRDA:10,0,1,0
BRDA:14,1,0,0
BRDA:14,1,1,0
BRDA:19,2,0,0
BRDA:19,2,1,0
BRF:6
BRH:0
end_of_record
TN:
SF:controllers\rolesController.js
FN:4,(anonymous_0)
FN:14,(anonymous_1)
FNF:2
FNH:0
FNDA:0,(anonymous_0)
FNDA:0,(anonymous_1)
DA:1,0
DA:2,0
DA:4,0
DA:5,0
DA:6,0
DA:7,0
DA:9,0
DA:10,0
DA:14,0
DA:15,0
DA:16,0
DA:18,0
DA:19,0
DA:22,0
DA:23,0
DA:25,0
DA:26,0
LF:17
LH:0
BRDA:18,0,0,0
BRDA:18,0,1,0
BRF:2
BRH:0
end_of_record
TN:
SF:controllers\tutoriaController.js
FN:6,(anonymous_0)
FN:46,(anonymous_1)
FN:79,(anonymous_2)
FN:107,(anonymous_3)
FN:146,(anonymous_4)
FNF:5
FNH:0
FNDA:0,(anonymous_0)
FNDA:0,(anonymous_1)
FNDA:0,(anonymous_2)
FNDA:0,(anonymous_3)
FNDA:0,(anonymous_4)
DA:1,0
DA:2,0
DA:3,0
DA:6,0
DA:7,0
DA:9,0
DA:11,0
DA:18,0
DA:19,0
DA:24,0
DA:32,0
DA:37,0
DA:38,0
DA:46,0
DA:47,0
DA:48,0
DA:65,0
DA:70,0
DA:71,0
DA:79,0
DA:80,0
DA:81,0
DA:93,0
DA:98,0
DA:99,0
DA:107,0
DA:108,0
DA:109,0
DA:111,0
DA:112,0
DA:119,0
DA:120,0
DA:125,0
DA:132,0
DA:137,0
DA:138,0
DA:146,0
DA:147,0
DA:149,0
DA:150,0
DA:157,0
DA:158,0
DA:163,0
DA:165,0
DA:169,0
DA:170,0
LF:46
LH:0
BRDA:18,0,0,0
BRDA:18,0,1,0
BRDA:40,1,0,0
BRDA:40,1,1,0
BRDA:73,2,0,0
BRDA:73,2,1,0
BRDA:101,3,0,0
BRDA:101,3,1,0
BRDA:119,4,0,0
BRDA:119,4,1,0
BRDA:140,5,0,0
BRDA:140,5,1,0
BRDA:157,6,0,0
BRDA:157,6,1,0
BRDA:172,7,0,0
BRDA:172,7,1,0
BRF:16
BRH:0
end_of_record
TN:
SF:controllers\usersController.js
FN:10,(anonymous_0)
FN:77,(anonymous_1)
FN:135,(anonymous_2)
FNF:3
FNH:0
FNDA:0,(anonymous_0)
FNDA:0,(anonymous_1)
FNDA:0,(anonymous_2)
DA:1,0
DA:2,0
DA:3,0
DA:4,0
DA:5,0
DA:6,0
DA:8,0
DA:10,0
DA:11,0
DA:13,0
DA:15,0
DA:16,0
DA:28,0
DA:29,0
DA:30,0
DA:37,0
DA:38,0
DA:39,0
DA:46,0
DA:49,0
DA:57,0
DA:59,0
DA:69,0
DA:70,0
DA:77,0
DA:78,0
DA:80,0
DA:82,0
DA:83,0
DA:92,0
DA:100,0
DA:101,0
DA:104,0
DA:105,0
DA:106,0
DA:109,0
DA:119,0
DA:130,0
DA:131,0
DA:135,0
DA:136,0
DA:137,0
DA:146,0
DA:147,0
DA:152,0
DA:162,0
DA:163,0
LF:47
LH:0
BRDA:8,0,0,0
BRDA:8,0,1,0
BRDA:15,1,0,0
BRDA:15,1,1,0
BRDA:15,2,0,0
BRDA:15,2,1,0
BRDA:15,2,2,0
BRDA:15,2,3,0
BRDA:19,3,0,0
BRDA:19,3,1,0
BRDA:20,4,0,0
BRDA:20,4,1,0
BRDA:21,5,0,0
BRDA:21,5,1,0
BRDA:22,6,0,0
BRDA:22,6,1,0
BRDA:29,7,0,0
BRDA:29,7,1,0
BRDA:38,8,0,0
BRDA:38,8,1,0
BRDA:72,9,0,0
BRDA:72,9,1,0
BRDA:82,10,0,0
BRDA:82,10,1,0
BRDA:82,11,0,0
BRDA:82,11,1,0
BRDA:86,12,0,0
BRDA:86,12,1,0
BRDA:87,13,0,0
BRDA:87,13,1,0
BRDA:100,14,0,0
BRDA:100,14,1,0
BRDA:105,15,0,0
BRDA:105,15,1,0
BRDA:146,16,0,0
BRDA:146,16,1,0
BRF:36
BRH:0
end_of_record
TN:
SF:middleware\auth.js
FN:4,(anonymous_0)
FN:29,(anonymous_1)
FN:30,(anonymous_2)
FNF:3
FNH:0
FNDA:0,(anonymous_0)
FNDA:0,(anonymous_1)
FNDA:0,(anonymous_2)
DA:1,0
DA:2,0
DA:4,0
DA:5,0
DA:6,0
DA:8,0
DA:9,0
DA:14,0
DA:15,0
DA:16,0
DA:18,0
DA:19,0
DA:23,0
DA:29,0
DA:30,0
DA:31,0
DA:32,0
DA:37,0
DA:38,0
DA:43,0
DA:47,0
LF:21
LH:0
BRDA:2,0,0,0
BRDA:2,0,1,0
BRDA:8,1,0,0
BRDA:8,1,1,0
BRDA:18,2,0,0
BRDA:18,2,1,0
BRDA:31,3,0,0
BRDA:31,3,1,0
BRDA:37,4,0,0
BRDA:37,4,1,0
BRF:10
BRH:0
end_of_record
TN:
SF:middleware\authMiddleware.js
FN:5,(anonymous_0)
FN:33,(anonymous_1)
FNF:2
FNH:0
FNDA:0,(anonymous_0)
FNDA:0,(anonymous_1)
DA:1,0
DA:2,0
DA:3,0
DA:5,0
DA:6,0
DA:7,0
DA:9,0
DA:10,0
DA:15,0
DA:16,0
DA:18,0
DA:19,0
DA:24,0
DA:25,0
DA:27,0
DA:33,0
DA:34,0
DA:35,0
DA:39,0
LF:19
LH:0
BRDA:9,0,0,0
BRDA:9,0,1,0
BRDA:18,1,0,0
BRDA:18,1,1,0
BRDA:34,2,0,0
BRDA:34,2,1,0
BRF:6
BRH:0
end_of_record
TN:
SF:middleware\errorHandler.js
FN:1,(anonymous_0)
FNF:1
FNH:0
FNDA:0,(anonymous_0)
DA:1,0
DA:2,0
DA:5,0
DA:6,0
DA:8,0
DA:16,0
LF:6
LH:0
BRDA:5,0,0,0
BRDA:5,0,1,0
BRDA:6,1,0,0
BRDA:6,1,1,0
BRDA:12,2,0,0
BRDA:12,2,1,0
BRF:6
BRH:0
end_of_record
TN:
SF:middleware\rateLimiter.js
FNF:0
FNH:0
DA:1,0
DA:3,0
DA:14,0
LF:3
LH:0
BRF:0
BRH:0
end_of_record
TN:
SF:middleware\validator.js
FN:3,(anonymous_0)
FN:18,(anonymous_1)
FN:25,(anonymous_2)
FNF:3
FNH:0
FNDA:0,(anonymous_0)
FNDA:0,(anonymous_1)
FNDA:0,(anonymous_2)
DA:1,0
DA:3,0
DA:4,0
DA:5,0
DA:6,0
DA:13,0
DA:17,0
DA:18,0
DA:25,0
DA:37,0
LF:10
LH:0
BRDA:5,0,0,0
BRDA:5,0,1,0
BRDA:25,1,0,0
BRDA:25,2,0,0
BRF:4
BRH:0
end_of_record
TN:
SF:models\index.js
FN:23,(anonymous_0)
FN:30,(anonymous_1)
FN:44,(anonymous_2)
FNF:3
FNH:3
FNDA:6,(anonymous_0)
FNDA:5,(anonymous_1)
FNDA:5,(anonymous_2)
DA:6,1
DA:7,1
DA:8,1
DA:9,1
DA:10,1
DA:11,1
DA:12,1
DA:15,1
DA:16,0
DA:18,1
DA:22,1
DA:24,6
DA:31,5
DA:32,5
DA:35,5
DA:36,5
DA:37,5
DA:39,0
DA:44,1
DA:45,5
DA:46,5
DA:50,1
DA:51,1
DA:53,1
LF:24
LH:22
BRDA:10,0,0,1
BRDA:10,0,1,0
BRDA:15,1,0,0
BRDA:15,1,1,1
BRDA:25,2,0,6
BRDA:25,2,1,6
BRDA:25,2,2,5
BRDA:35,3,0,5
BRDA:35,3,1,0
BRDA:45,4,0,5
BRDA:45,4,1,0
BRF:11
BRH:7
end_of_record
TN:
SF:models\materials.js
FN:4,(anonymous_0)
FN:6,(anonymous_1)
FNF:2
FNH:2
FNDA:1,(anonymous_0)
FNDA:1,(anonymous_1)
DA:2,1
DA:4,1
DA:7,1
DA:14,1
DA:53,1
LF:5
LH:5
BRF:0
BRH:0
end_of_record
TN:
SF:models\reserva.js
FN:4,(anonymous_0)
FN:6,(anonymous_1)
FNF:2
FNH:2
FNDA:1,(anonymous_0)
FNDA:1,(anonymous_1)
DA:2,1
DA:4,1
DA:8,1
DA:14,1
DA:21,1
DA:49,1
LF:6
LH:6
BRF:0
BRH:0
end_of_record
TN:
SF:models\rol.js
FN:4,(anonymous_0)
FN:6,(anonymous_1)
FNF:2
FNH:2
FNDA:1,(anonymous_0)
FNDA:1,(anonymous_1)
DA:2,1
DA:4,1
DA:7,1
DA:14,1
DA:28,1
LF:5
LH:5
BRF:0
BRH:0
end_of_record
TN:
SF:models\tutoria.js
FN:4,(anonymous_0)
FN:6,(anonymous_1)
FN:51,(anonymous_2)
FN:60,(anonymous_3)
FN:65,(anonymous_4)
FNF:5
FNH:2
FNDA:1,(anonymous_0)
FNDA:1,(anonymous_1)
FNDA:0,(anonymous_2)
FNDA:0,(anonymous_3)
FNDA:0,(anonymous_4)
DA:2,1
DA:4,1
DA:8,1
DA:14,1
DA:21,1
DA:29,1
DA:52,0
DA:53,0
DA:54,0
DA:55,0
DA:56,0
DA:62,0
DA:63,0
DA:67,0
DA:68,0
DA:69,0
DA:70,0
DA:104,1
LF:18
LH:7
BRDA:55,0,0,0
BRDA:55,0,1,0
BRDA:63,1,0,0
BRDA:63,1,1,0
BRDA:67,2,0,0
BRDA:67,2,1,0
BRF:6
BRH:0
end_of_record
TN:
SF:models\usuario.js
FN:4,(anonymous_0)
FN:6,(anonymous_1)
FNF:2
FNH:2
FNDA:1,(anonymous_0)
FNDA:1,(anonymous_1)
DA:2,1
DA:4,1
DA:7,1
DA:12,1
DA:17,1
DA:24,1
DA:62,1
LF:7
LH:7
BRF:0
BRH:0
end_of_record
TN:
SF:utils\passwordUtils.js
FN:3,(anonymous_0)
FN:8,(anonymous_1)
FNF:2
FNH:0
FNDA:0,(anonymous_0)
FNDA:0,(anonymous_1)
DA:1,0
DA:3,0
DA:4,0
DA:5,0
DA:8,0
DA:9,0
DA:12,0
LF:7
LH:0
BRF:0
BRH:0
end_of_record
